SF:lib/app/domain/entities/location_entity.dart
DA:4,39
LF:1
LH:1
end_of_record
SF:lib/app/core/utilities/adapters/connectivity_adapter/connectivity_plus_adapter.dart
DA:7,2
DA:9,1
DA:11,2
DA:12,1
LF:4
LH:4
end_of_record
SF:lib/app/core/utilities/adapters/local_storage_adapter/local_storage_adapter_impl.dart
DA:6,1
DA:8,2
DA:11,1
DA:13,1
DA:14,1
DA:17,1
DA:19,1
DA:20,1
DA:23,1
DA:25,1
DA:26,1
DA:29,1
DA:31,1
DA:32,1
DA:35,1
DA:37,2
LF:16
LH:16
end_of_record
SF:lib/app/core/utilities/di_service.dart
DA:26,9
DA:28,0
DA:29,0
DA:32,3
DA:33,6
DA:36,3
DA:38,3
DA:39,10
DA:41,3
DA:42,4
DA:44,3
DA:45,4
DA:47,3
DA:48,4
DA:51,3
DA:52,10
DA:54,3
DA:55,4
DA:57,3
DA:58,4
DA:60,3
DA:61,4
DA:64,3
DA:65,3
DA:68,3
DA:69,4
DA:71,3
DA:72,4
DA:74,3
DA:75,4
DA:77,3
DA:78,4
DA:81,3
DA:82,4
DA:84,3
DA:85,4
DA:87,3
DA:88,4
DA:90,3
DA:91,4
DA:93,3
DA:94,2
DA:96,3
DA:97,2
LF:44
LH:42
end_of_record
SF:lib/app/domain/usecases/local_usecases/cache_forecast_usecase.dart
DA:16,2
DA:18,1
DA:23,2
LF:3
LH:3
end_of_record
SF:lib/app/domain/usecases/local_usecases/cache_weather_usecase.dart
DA:16,2
DA:18,1
DA:23,2
LF:3
LH:3
end_of_record
SF:lib/app/domain/usecases/local_usecases/offline_forecast_usecase.dart
DA:13,2
DA:15,1
DA:17,2
LF:3
LH:3
end_of_record
SF:lib/app/domain/usecases/local_usecases/offline_weather_usecase.dart
DA:15,2
DA:20,1
DA:22,2
LF:3
LH:3
end_of_record
SF:lib/app/domain/usecases/remote_usecases/forecast_usecase.dart
DA:16,2
DA:18,1
DA:23,2
LF:3
LH:3
end_of_record
SF:lib/app/domain/usecases/remote_usecases/weather_usecase.dart
DA:16,2
DA:18,1
DA:23,2
LF:3
LH:3
end_of_record
SF:lib/app/presentation/cubits/forecast/forecast_cubit.dart
DA:19,2
DA:24,4
DA:26,1
DA:27,2
DA:30,2
DA:33,2
DA:34,2
DA:35,1
DA:37,2
DA:38,2
DA:39,1
DA:42,0
DA:46,1
DA:50,1
DA:52,1
DA:53,3
DA:54,3
DA:58,1
DA:59,1
DA:60,1
DA:61,3
DA:62,2
LF:22
LH:21
end_of_record
SF:lib/app/presentation/cubits/weather/weather_cubit.dart
DA:18,2
DA:23,4
DA:25,1
DA:26,2
DA:29,2
DA:32,2
DA:33,1
DA:35,2
DA:36,1
DA:39,0
DA:43,1
DA:44,1
DA:46,1
DA:47,3
DA:48,3
DA:52,1
DA:53,1
DA:54,1
DA:55,3
DA:56,2
LF:20
LH:19
end_of_record
SF:lib/app/core/utilities/api_paths.dart
DA:8,2
DA:9,2
DA:13,2
DA:14,2
LF:4
LH:4
end_of_record
SF:lib/app/data/datasources/local_datasource/local_datasource_impl.dart
DA:16,2
DA:18,1
DA:23,2
DA:26,2
DA:27,1
DA:28,2
DA:29,0
DA:30,0
DA:31,0
DA:32,0
DA:33,0
DA:35,0
DA:36,0
DA:37,0
DA:40,1
DA:41,2
DA:43,0
DA:44,0
DA:49,1
DA:53,2
DA:58,1
DA:61,2
DA:62,1
DA:63,2
DA:67,3
DA:68,2
DA:70,1
DA:71,3
DA:72,3
DA:73,1
DA:74,3
DA:76,1
DA:77,3
DA:78,3
DA:80,1
DA:81,2
DA:88,2
DA:90,1
DA:95,2
DA:100,2
DA:101,1
DA:102,3
DA:103,0
DA:104,0
DA:105,0
DA:106,0
DA:107,0
DA:109,0
DA:110,0
DA:111,0
DA:113,1
DA:114,2
DA:118,1
DA:122,2
DA:127,1
DA:128,2
DA:131,1
DA:132,3
DA:133,1
DA:134,3
DA:136,0
DA:139,3
DA:140,2
DA:142,1
DA:143,3
DA:144,3
DA:145,1
DA:146,3
DA:148,1
DA:149,3
DA:150,3
DA:152,1
DA:153,2
LF:73
LH:54
end_of_record
SF:lib/app/data/datasources/remote_datasources/remote_datasource_impl.dart
DA:18,2
DA:20,1
DA:26,2
DA:27,2
DA:28,1
DA:34,2
DA:36,2
DA:37,0
DA:38,0
DA:40,1
DA:42,1
DA:43,2
DA:44,1
DA:45,2
DA:46,1
DA:49,3
DA:57,2
DA:59,1
DA:65,2
DA:66,2
DA:67,1
DA:73,2
DA:75,2
DA:76,0
DA:78,1
DA:79,4
DA:81,1
DA:82,2
DA:83,1
DA:84,2
DA:85,1
DA:88,3
LF:32
LH:29
end_of_record
SF:lib/app/data/repositories/local_repository_impl.dart
DA:12,2
DA:14,1
DA:20,2
DA:22,1
DA:23,2
DA:24,1
DA:25,2
DA:26,1
DA:27,2
DA:29,0
DA:33,1
DA:36,2
DA:37,1
DA:38,1
DA:39,2
DA:40,1
DA:41,2
DA:42,1
DA:43,2
DA:45,0
DA:52,2
DA:54,1
DA:60,2
DA:62,1
DA:63,2
DA:64,1
DA:65,2
DA:66,1
DA:67,2
DA:69,0
DA:73,1
DA:78,2
DA:79,1
DA:80,1
DA:81,2
DA:82,1
DA:83,2
DA:84,1
DA:85,2
DA:87,0
LF:40
LH:36
end_of_record
SF:lib/app/data/repositories/remote_repository_impl.dart
DA:12,2
DA:14,1
DA:20,2
DA:21,2
DA:22,1
DA:23,2
DA:24,1
DA:25,2
DA:26,1
DA:27,2
DA:29,0
DA:36,2
DA:38,1
DA:44,2
DA:45,5
DA:46,1
DA:47,2
DA:48,1
DA:49,2
DA:50,1
DA:51,2
DA:53,0
LF:22
LH:20
end_of_record
SF:lib/app/core/utilities/errors/exceptions.dart
DA:10,3
DA:11,1
DA:12,2
DA:17,3
DA:18,1
DA:19,2
DA:25,3
DA:26,2
DA:27,4
DA:32,3
DA:33,1
DA:34,2
DA:40,5
DA:41,2
DA:42,4
LF:15
LH:15
end_of_record
SF:lib/app/core/utilities/errors/failure.dart
DA:5,8
DA:6,4
DA:7,8
LF:3
LH:3
end_of_record
SF:lib/app/domain/entities/forecast_entity.dart
DA:8,7
DA:15,3
DA:16,3
DA:17,3
DA:18,3
DA:19,3
DA:20,3
LF:7
LH:7
end_of_record
SF:lib/app/domain/entities/weather_entity.dart
DA:10,5
DA:22,3
DA:23,3
DA:24,3
DA:25,3
DA:26,3
DA:27,3
DA:28,3
DA:29,3
DA:30,3
DA:31,3
DA:32,3
LF:12
LH:12
end_of_record
SF:lib/app/data/models/forecast_model.dart
DA:10,4
DA:17,6
DA:18,3
DA:19,6
DA:20,6
DA:21,9
DA:24,4
DA:25,2
DA:26,2
DA:27,2
DA:28,2
DA:31,2
DA:32,2
DA:33,2
DA:34,2
DA:35,2
DA:36,2
LF:17
LH:17
end_of_record
SF:lib/app/data/models/weather_model.dart
DA:10,4
DA:22,3
DA:23,3
DA:24,6
DA:25,6
DA:26,6
DA:27,6
DA:28,9
DA:29,9
DA:30,9
DA:31,9
DA:32,6
DA:36,2
DA:37,2
DA:38,2
DA:39,2
DA:40,2
DA:41,2
DA:42,2
DA:43,2
DA:44,2
DA:45,2
DA:46,2
DA:50,2
DA:51,2
DA:52,2
DA:53,2
DA:54,2
DA:55,2
DA:56,2
DA:57,2
DA:58,2
DA:59,2
DA:60,2
LF:34
LH:34
end_of_record
SF:lib/app/presentation/cubits/forecast/forecast_state.dart
DA:6,5
DA:7,1
DA:8,1
DA:17,3
DA:19,1
DA:20,2
DA:25,3
DA:27,1
DA:28,2
LF:9
LH:9
end_of_record
SF:lib/app/presentation/cubits/weather/weather_state.dart
DA:5,5
DA:6,1
DA:7,1
DA:16,3
DA:18,1
DA:19,2
DA:24,3
DA:26,1
DA:27,2
LF:9
LH:9
end_of_record
SF:lib/app/core/utilities/helpers/location_helper.dart
DA:10,0
DA:12,0
DA:13,0
DA:14,0
DA:15,0
DA:16,0
DA:17,0
DA:21,0
DA:22,0
DA:24,0
DA:27,0
DA:32,0
DA:33,0
DA:40,0
DA:41,0
DA:44,0
DA:45,0
DA:47,0
DA:49,0
DA:52,0
LF:20
LH:0
end_of_record
SF:lib/app/core/utilities/helpers/misc_helper.dart
DA:6,0
DA:7,0
DA:9,0
DA:10,0
DA:13,3
DA:15,6
DA:17,6
DA:19,5
DA:21,3
DA:23,0
DA:25,0
DA:27,0
DA:29,0
DA:31,0
DA:38,2
DA:39,2
DA:41,2
DA:43,2
LF:18
LH:9
end_of_record
SF:lib/app/presentation/widgets/concerts_list.dart
DA:9,3
DA:18,3
DA:19,3
DA:23,3
DA:25,3
DA:26,3
DA:28,9
DA:29,3
DA:30,9
DA:32,3
DA:34,12
DA:35,3
DA:36,3
DA:37,3
DA:38,3
DA:42,0
DA:45,0
LF:17
LH:15
end_of_record
SF:lib/app/core/theme/text_theme.dart
DA:6,27
DA:7,9
DA:8,9
DA:10,9
DA:11,9
DA:14,9
DA:15,9
DA:18,9
DA:19,9
DA:22,9
DA:23,9
DA:26,9
DA:27,9
DA:30,9
DA:31,9
LF:15
LH:15
end_of_record
SF:lib/app/core/utilities/helpers/responsive_helper.dart
DA:4,50
DA:6,36
DA:7,36
DA:8,36
DA:9,36
DA:10,36
DA:11,36
DA:12,36
LF:8
LH:8
end_of_record
SF:lib/app/core/utilities/helpers/navigation_helper.dart
DA:7,0
DA:12,0
DA:15,0
DA:17,0
LF:4
LH:0
end_of_record
SF:lib/app/presentation/widgets/concert_location.dart
DA:8,4
DA:19,4
DA:21,4
DA:22,4
DA:24,4
DA:25,4
DA:26,4
DA:29,4
DA:30,4
DA:32,4
DA:33,4
DA:35,4
DA:36,4
DA:37,8
DA:38,8
DA:43,4
DA:44,8
DA:45,8
DA:53,4
DA:54,8
DA:55,8
LF:21
LH:21
end_of_record
SF:lib/app/core/routes/routes_builder.dart
DA:7,1
DA:8,1
DA:9,1
DA:10,1
DA:11,1
DA:13,1
DA:14,1
DA:15,1
DA:16,2
LF:9
LH:9
end_of_record
SF:lib/app/presentation/screens/concert_info_screen.dart
DA:20,2
DA:27,1
DA:28,1
DA:34,1
DA:36,1
DA:37,1
DA:40,1
DA:41,2
DA:42,3
DA:43,3
DA:45,2
DA:47,4
DA:48,4
DA:51,1
DA:53,1
DA:55,1
DA:56,1
DA:57,1
DA:58,1
DA:59,1
DA:60,1
DA:61,2
DA:62,1
DA:63,1
DA:64,1
DA:65,1
DA:67,1
DA:68,1
DA:70,1
DA:71,1
DA:72,1
DA:73,2
DA:74,2
DA:75,1
DA:76,1
DA:78,1
DA:79,2
DA:81,0
DA:85,1
DA:86,1
DA:87,1
DA:88,1
DA:90,1
DA:91,2
DA:92,1
DA:93,2
DA:95,0
DA:100,1
DA:101,2
DA:102,3
LF:50
LH:48
end_of_record
SF:lib/app/presentation/screens/concerts_screen.dart
DA:10,13
DA:11,2
DA:12,2
DA:20,2
DA:22,2
DA:23,4
DA:24,2
DA:27,4
DA:28,8
DA:32,2
DA:34,4
DA:35,2
DA:38,0
DA:39,0
DA:41,0
DA:43,0
DA:44,0
DA:46,0
DA:49,0
DA:50,0
DA:55,2
DA:57,2
DA:59,2
DA:60,2
DA:61,2
DA:65,2
DA:67,2
DA:68,2
DA:70,6
DA:74,2
DA:75,2
DA:76,2
DA:77,2
DA:78,2
DA:79,6
DA:80,2
DA:82,2
DA:83,2
DA:85,2
DA:87,6
DA:93,2
DA:96,2
DA:97,4
DA:98,0
DA:99,2
DA:100,2
DA:101,2
LF:47
LH:38
end_of_record
SF:lib/app/core/utilities/helpers/text_helper.dart
DA:2,2
DA:3,4
DA:4,6
DA:5,6
DA:6,6
DA:8,4
LF:6
LH:6
end_of_record
SF:lib/app/core/utilities/helpers/widget_helper.dart
DA:7,1
DA:8,1
DA:12,1
DA:14,1
DA:16,1
DA:19,3
LF:6
LH:6
end_of_record
SF:lib/app/presentation/widgets/concert_title.dart
DA:8,2
DA:15,2
DA:17,2
DA:19,2
DA:21,2
DA:22,2
DA:23,2
DA:24,2
DA:27,2
DA:30,2
DA:31,2
DA:32,4
DA:36,4
LF:13
LH:13
end_of_record
SF:lib/app/presentation/widgets/weather_forecast.dart
DA:12,2
DA:15,2
DA:19,2
DA:21,2
DA:22,2
DA:25,2
DA:27,2
DA:28,2
DA:30,4
DA:31,2
DA:32,4
DA:34,4
DA:37,6
DA:40,6
DA:41,0
DA:45,2
DA:46,4
DA:48,4
DA:51,2
DA:53,6
DA:54,2
DA:55,2
DA:58,8
DA:59,2
DA:61,8
DA:62,2
DA:64,2
DA:65,4
DA:68,2
DA:69,2
DA:72,2
DA:73,2
DA:74,2
DA:76,2
DA:78,4
DA:83,2
DA:85,2
DA:86,2
DA:87,2
DA:88,2
DA:89,6
DA:94,4
DA:95,2
DA:96,4
DA:97,2
DA:98,2
DA:99,6
DA:106,4
DA:107,2
DA:110,2
DA:111,2
DA:117,2
DA:121,2
DA:122,2
DA:123,2
DA:125,2
DA:126,2
DA:127,2
DA:128,2
DA:129,2
DA:130,2
DA:136,2
LF:62
LH:61
end_of_record
SF:lib/app/presentation/widgets/weather_forecast_loader.dart
DA:8,11
DA:10,2
DA:12,2
DA:14,2
DA:15,4
DA:16,2
DA:17,2
DA:18,2
DA:20,2
DA:21,2
DA:22,2
DA:24,2
DA:26,4
DA:27,2
DA:29,2
DA:31,4
DA:32,2
DA:33,2
DA:42,2
DA:43,2
DA:46,2
DA:47,2
DA:48,2
DA:49,2
DA:50,2
LF:25
LH:25
end_of_record
SF:lib/app/presentation/widgets/weather_overview.dart
DA:11,2
DA:24,2
DA:26,2
DA:27,2
DA:29,2
DA:31,2
DA:32,2
DA:33,4
DA:34,4
DA:39,4
DA:40,2
DA:42,2
DA:43,2
DA:44,4
DA:45,4
DA:50,2
DA:51,2
DA:52,4
DA:58,2
DA:59,2
DA:61,2
DA:63,2
DA:64,2
DA:65,2
DA:67,2
DA:68,2
DA:71,6
DA:73,2
DA:76,4
DA:78,2
DA:81,6
DA:91,2
DA:92,2
DA:94,2
DA:95,2
DA:96,2
DA:97,2
DA:102,2
DA:104,6
DA:109,2
DA:111,6
LF:41
LH:41
end_of_record
SF:lib/app/presentation/widgets/weather_overview_loader.dart
DA:9,11
DA:11,2
DA:13,2
DA:15,2
DA:17,2
DA:18,2
DA:21,4
DA:27,2
DA:30,2
DA:31,2
DA:32,2
DA:33,2
DA:34,2
LF:13
LH:13
end_of_record
SF:lib/app/app.dart
DA:13,2
DA:15,2
DA:17,2
DA:18,2
DA:19,2
DA:20,2
DA:22,2
DA:26,1
DA:27,1
DA:28,1
DA:31,1
LF:11
LH:11
end_of_record
SF:lib/app/core/theme/app_theme.dart
DA:9,3
DA:11,1
DA:13,1
DA:14,1
LF:4
LH:4
end_of_record
SF:lib/app/core/theme/input_theme.dart
DA:11,3
DA:12,3
DA:13,1
DA:16,1
DA:17,1
DA:18,1
LF:6
LH:6
end_of_record
SF:lib/app/core/utilities/helpers/input_helper.dart
DA:5,1
DA:6,1
DA:7,1
DA:11,1
DA:12,1
LF:5
LH:5
end_of_record
