SF:lib/app/core/utilities/constants.dart
DA:25,3
DA:26,1
DA:28,1
DA:30,1
DA:32,1
DA:34,1
DA:36,1
DA:38,1
DA:40,1
LF:9
LH:9
end_of_record
SF:lib/app/domain/entities/city_entity.dart
DA:4,2
LF:1
LH:1
end_of_record
SF:lib/app/core/utilities/di_service.dart
DA:26,9
DA:28,0
DA:29,0
DA:32,3
DA:33,6
DA:36,3
DA:38,3
DA:39,3
DA:40,3
DA:41,3
DA:44,3
DA:45,3
DA:46,3
DA:47,3
DA:49,3
DA:50,0
DA:54,3
DA:55,3
DA:56,0
DA:57,3
DA:58,0
DA:59,3
DA:60,0
DA:62,3
DA:63,3
DA:64,0
DA:65,3
DA:66,0
DA:67,3
DA:68,0
DA:70,3
DA:71,3
LF:32
LH:23
end_of_record
SF:lib/app/data/datasources/local_datasource/local_datasource_impl.dart
DA:14,1
DA:16,1
DA:18,2
DA:21,2
DA:22,1
DA:23,2
DA:24,0
DA:25,0
DA:26,0
DA:28,0
DA:29,0
DA:33,0
DA:35,0
DA:38,0
DA:39,0
DA:43,0
DA:44,0
DA:48,0
DA:52,0
DA:54,0
DA:55,0
DA:58,0
DA:59,0
DA:66,0
DA:68,0
DA:73,0
DA:76,0
DA:77,0
DA:81,0
DA:85,0
DA:87,0
DA:88,0
DA:89,0
DA:91,0
DA:93,0
DA:94,0
DA:97,0
DA:98,0
DA:102,0
DA:104,0
DA:107,0
DA:108,0
DA:112,0
DA:115,0
DA:118,0
DA:126,0
DA:129,0
DA:131,0
DA:132,0
DA:135,0
DA:136,0
LF:51
LH:6
end_of_record
SF:lib/app/data/datasources/remote_datasources/remote_datasource_impl.dart
DA:17,1
DA:19,1
DA:22,2
DA:23,2
DA:24,1
DA:30,2
DA:32,2
DA:33,0
DA:35,1
DA:37,1
DA:38,0
DA:39,1
DA:40,0
DA:42,3
DA:50,1
DA:52,1
DA:58,2
DA:59,2
DA:60,1
DA:66,2
DA:68,2
DA:69,0
DA:71,1
DA:72,4
DA:74,1
DA:75,0
DA:76,1
DA:77,0
DA:79,3
LF:29
LH:23
end_of_record
SF:lib/app/presentation/cubits/forecast/forecast_cubit.dart
DA:19,1
DA:24,2
DA:26,1
DA:27,2
DA:30,2
DA:33,2
DA:34,2
DA:35,1
DA:37,2
DA:38,2
DA:39,1
DA:42,0
DA:46,1
DA:50,1
DA:52,1
DA:53,3
DA:54,3
DA:58,1
DA:59,1
DA:60,1
DA:61,3
DA:62,2
LF:22
LH:21
end_of_record
SF:lib/app/presentation/cubits/weather/weather_cubit.dart
DA:18,1
DA:23,2
DA:25,1
DA:26,2
DA:29,2
DA:32,2
DA:33,1
DA:35,2
DA:36,1
DA:39,0
DA:43,1
DA:44,1
DA:46,1
DA:47,3
DA:48,3
DA:52,1
DA:53,1
DA:54,1
DA:55,3
DA:56,2
LF:20
LH:19
end_of_record
SF:lib/app/core/utilities/adapters/connectivity_adapter/connectivity_plus_adapter.dart
DA:7,1
DA:9,1
DA:11,2
DA:12,1
LF:4
LH:4
end_of_record
SF:lib/app/core/utilities/adapters/local_storage_adapter/hive_local_storage_adapter.dart
DA:6,0
DA:8,0
DA:11,0
DA:13,0
DA:14,0
DA:17,0
DA:19,0
DA:20,0
DA:23,0
DA:25,0
DA:26,0
DA:29,0
DA:31,0
DA:32,0
DA:35,0
DA:37,0
LF:16
LH:0
end_of_record
SF:lib/app/core/utilities/api_paths.dart
DA:8,2
DA:9,2
DA:13,2
DA:14,2
LF:4
LH:4
end_of_record
SF:lib/app/domain/usecases/remote_usecases/forecast_usecase.dart
DA:16,1
DA:18,1
DA:23,2
LF:3
LH:3
end_of_record
SF:lib/app/domain/usecases/remote_usecases/weather_usecase.dart
DA:16,1
DA:18,1
DA:23,2
LF:3
LH:3
end_of_record
SF:lib/app/data/repositories/local_repository_impl.dart
DA:12,1
DA:14,1
DA:20,2
DA:22,0
DA:23,0
DA:24,0
DA:25,0
DA:27,0
DA:31,1
DA:34,2
DA:35,1
DA:36,1
DA:37,2
DA:38,1
DA:39,2
DA:41,0
DA:48,1
DA:50,1
DA:56,2
DA:58,0
DA:59,0
DA:60,0
DA:61,0
DA:63,0
DA:67,1
DA:72,2
DA:73,1
DA:74,1
DA:75,2
DA:76,1
DA:77,2
DA:79,0
LF:32
LH:20
end_of_record
SF:lib/app/data/repositories/remote_repository_impl.dart
DA:13,1
DA:15,1
DA:21,2
DA:22,2
DA:23,1
DA:24,2
DA:25,1
DA:26,2
DA:28,0
DA:36,0
DA:38,0
DA:44,0
DA:45,0
DA:46,0
DA:47,0
DA:48,0
DA:49,0
DA:51,0
LF:18
LH:8
end_of_record
SF:lib/app/domain/usecases/local_usecases/cache_forecast_usecase.dart
DA:16,1
DA:18,1
DA:23,2
LF:3
LH:3
end_of_record
SF:lib/app/domain/usecases/local_usecases/cache_weather_usecase.dart
DA:16,1
DA:18,1
DA:23,2
LF:3
LH:3
end_of_record
SF:lib/app/domain/usecases/local_usecases/offline_forecast_usecase.dart
DA:13,1
DA:15,1
DA:17,2
LF:3
LH:3
end_of_record
SF:lib/app/domain/usecases/local_usecases/offline_weather_usecase.dart
DA:15,1
DA:20,1
DA:22,2
LF:3
LH:3
end_of_record
SF:lib/app/core/utilities/errors/exceptions.dart
DA:9,2
DA:10,1
DA:11,2
DA:16,2
DA:17,1
DA:18,2
DA:23,2
DA:24,1
DA:25,2
DA:30,2
DA:31,1
DA:32,2
DA:37,2
DA:38,1
DA:39,2
LF:15
LH:15
end_of_record
SF:lib/app/core/utilities/errors/failure.dart
DA:5,7
DA:6,2
DA:7,4
LF:3
LH:3
end_of_record
SF:lib/app/domain/entities/daily_forecast_entity.dart
DA:8,3
DA:15,2
DA:16,2
DA:17,2
DA:18,2
DA:19,2
DA:20,2
LF:7
LH:7
end_of_record
SF:lib/app/domain/entities/weather_entity.dart
DA:10,3
DA:21,3
DA:22,3
DA:23,3
DA:24,3
DA:25,3
DA:26,3
DA:27,3
DA:28,3
DA:29,3
DA:30,3
LF:11
LH:11
end_of_record
SF:lib/app/data/models/forecast_model.dart
DA:10,2
DA:17,4
DA:18,2
DA:19,4
DA:20,4
DA:21,6
DA:24,0
DA:25,0
DA:26,0
DA:27,0
DA:28,0
DA:31,1
DA:32,1
DA:33,1
DA:34,1
DA:35,1
DA:36,1
LF:17
LH:12
end_of_record
SF:lib/app/data/models/weather_model.dart
DA:10,3
DA:21,3
DA:22,3
DA:23,6
DA:24,6
DA:25,9
DA:26,9
DA:27,9
DA:28,9
DA:29,6
DA:30,6
DA:34,1
DA:35,1
DA:36,1
DA:37,1
DA:38,1
DA:39,1
DA:40,1
DA:41,1
DA:42,1
DA:43,1
DA:47,1
DA:48,1
DA:49,1
DA:50,1
DA:51,1
DA:52,1
DA:53,1
DA:54,1
DA:55,1
DA:56,1
LF:31
LH:31
end_of_record
SF:lib/app/presentation/cubits/forecast/forecast_state.dart
DA:6,2
DA:7,1
DA:8,1
DA:17,2
DA:19,1
DA:20,2
DA:25,2
DA:27,1
DA:28,2
LF:9
LH:9
end_of_record
SF:lib/app/presentation/cubits/weather/weather_state.dart
DA:5,2
DA:6,1
DA:7,1
DA:16,2
DA:18,1
DA:19,2
DA:24,2
DA:26,1
DA:27,2
LF:9
LH:9
end_of_record
SF:lib/app/core/utilities/helpers/location_helper.dart
DA:5,0
DA:7,0
DA:8,0
DA:9,0
DA:10,0
DA:11,0
DA:12,0
DA:16,0
DA:18,0
LF:9
LH:0
end_of_record
SF:lib/app/core/utilities/helpers/misc_helper.dart
DA:6,0
DA:7,0
DA:9,0
DA:10,0
DA:13,0
DA:15,0
DA:17,0
DA:19,0
DA:21,0
DA:23,0
DA:25,0
DA:27,0
DA:29,0
DA:31,0
DA:38,0
DA:39,0
DA:41,0
DA:43,0
LF:18
LH:0
end_of_record
SF:lib/app/core/routes/routes_builder.dart
DA:7,3
DA:8,0
DA:9,0
LF:3
LH:1
end_of_record
SF:lib/app/presentation/screens/concert_info_screen.dart
DA:21,8
DA:23,0
DA:24,0
DA:30,0
DA:32,0
DA:33,0
DA:36,0
DA:37,0
DA:39,0
DA:40,0
DA:42,0
DA:43,0
DA:45,0
DA:46,0
DA:49,0
DA:51,0
DA:52,0
DA:54,0
DA:55,0
DA:56,0
DA:57,0
DA:58,0
DA:59,0
DA:60,0
DA:61,0
DA:67,0
DA:69,0
DA:72,0
DA:73,0
DA:74,0
DA:78,0
DA:79,0
DA:80,0
DA:81,0
DA:83,0
DA:84,0
DA:86,0
DA:87,0
DA:88,0
DA:89,0
DA:90,0
DA:91,0
DA:93,0
DA:94,0
DA:97,0
DA:98,0
DA:101,0
DA:107,0
DA:110,0
DA:121,0
DA:122,0
DA:123,0
DA:125,0
DA:126,0
DA:127,0
DA:128,0
DA:130,0
DA:133,0
DA:135,0
DA:142,0
DA:143,0
DA:144,0
DA:145,0
LF:63
LH:1
end_of_record
SF:lib/app/presentation/screens/concerts_screen.dart
DA:12,11
DA:14,1
DA:15,1
DA:23,1
DA:25,1
DA:26,2
DA:27,2
DA:30,2
DA:31,4
DA:35,1
DA:37,2
DA:38,1
DA:41,0
DA:42,0
DA:44,0
DA:45,0
DA:46,0
DA:49,0
DA:50,0
DA:55,1
DA:57,1
DA:59,1
DA:60,1
DA:61,1
DA:65,1
DA:67,1
DA:68,1
DA:70,2
DA:72,1
DA:73,1
DA:74,1
DA:75,1
DA:76,1
DA:77,3
DA:78,1
DA:80,1
DA:81,1
DA:83,1
DA:85,3
DA:91,1
DA:94,1
DA:95,2
DA:96,0
DA:97,1
DA:105,1
DA:107,0
DA:108,0
DA:109,0
DA:112,1
DA:113,1
DA:114,1
LF:51
LH:40
end_of_record
SF:lib/app/core/theme/text_theme.dart
DA:6,12
DA:7,4
DA:8,4
DA:10,4
DA:11,4
DA:14,4
DA:15,4
DA:18,4
DA:19,4
DA:22,4
DA:23,4
DA:26,4
DA:27,4
LF:13
LH:13
end_of_record
SF:lib/app/core/utilities/helpers/text_sizing_helper.dart
DA:4,20
DA:6,16
DA:7,16
DA:8,16
DA:9,16
DA:10,16
DA:11,16
LF:7
LH:7
end_of_record
SF:lib/app/core/utilities/helpers/text_helper.dart
DA:2,1
DA:3,2
DA:4,3
DA:5,3
DA:6,0
DA:8,2
LF:6
LH:5
end_of_record
SF:lib/app/core/utilities/helpers/widget_helper.dart
DA:7,0
DA:8,0
DA:10,0
DA:18,0
DA:19,0
DA:23,0
DA:25,0
DA:27,0
DA:30,0
LF:9
LH:0
end_of_record
SF:lib/app/presentation/widgets/city_overview.dart
DA:10,1
DA:21,1
DA:23,1
DA:25,1
DA:27,1
DA:29,1
DA:30,0
DA:31,1
DA:33,1
DA:36,1
DA:41,1
DA:42,1
DA:43,2
DA:47,2
DA:48,1
DA:49,2
DA:50,2
DA:54,2
DA:55,1
DA:56,2
DA:57,2
DA:63,1
DA:64,3
DA:65,2
LF:24
LH:23
end_of_record
SF:lib/app/presentation/widgets/city_overview_loader.dart
DA:8,8
DA:10,1
DA:12,1
DA:14,1
DA:16,1
DA:18,1
DA:20,1
DA:21,2
DA:22,1
DA:24,1
DA:27,1
DA:32,1
DA:35,2
LF:13
LH:13
end_of_record
SF:lib/app/presentation/widgets/daily_forecast.dart
DA:13,0
DA:16,0
DA:20,0
DA:22,0
DA:25,0
DA:27,0
DA:28,0
DA:30,0
DA:31,0
DA:32,0
DA:34,0
DA:37,0
DA:40,0
DA:41,0
DA:45,0
DA:46,0
DA:48,0
DA:51,0
DA:52,0
DA:53,0
DA:55,0
DA:57,0
DA:58,0
DA:60,0
DA:61,0
DA:62,0
DA:63,0
DA:66,0
DA:67,0
DA:69,0
DA:70,0
DA:72,0
DA:73,0
DA:76,0
DA:77,0
DA:78,0
DA:80,0
DA:81,0
DA:82,0
DA:84,0
DA:85,0
DA:86,0
DA:87,0
DA:91,0
DA:93,0
DA:95,0
DA:98,0
DA:100,0
DA:107,0
DA:108,0
DA:111,0
DA:112,0
DA:115,0
DA:116,0
DA:118,0
DA:119,0
DA:120,0
DA:121,0
DA:122,0
DA:126,0
DA:127,0
DA:128,0
DA:129,0
DA:130,0
DA:131,0
DA:132,0
DA:133,0
DA:134,0
DA:140,0
DA:143,0
DA:144,0
DA:145,0
DA:146,0
DA:156,0
LF:74
LH:0
end_of_record
SF:lib/app/presentation/widgets/forecast_loader.dart
DA:10,7
DA:12,0
DA:14,0
DA:16,0
DA:17,0
DA:18,0
DA:20,0
DA:22,0
DA:23,0
DA:25,0
DA:26,0
DA:27,0
DA:28,0
DA:30,0
DA:31,0
DA:32,0
DA:34,0
DA:36,0
DA:37,0
DA:39,0
DA:41,0
DA:42,0
DA:44,0
DA:54,0
DA:55,0
DA:58,0
DA:59,0
DA:60,0
DA:61,0
DA:62,0
LF:30
LH:1
end_of_record
SF:lib/app/presentation/widgets/concerts_list.dart
DA:11,1
DA:20,1
DA:21,1
DA:25,1
DA:27,1
DA:28,1
DA:30,3
DA:31,0
DA:32,0
DA:34,0
DA:35,0
DA:36,0
DA:37,0
DA:38,0
DA:39,0
DA:43,0
DA:52,0
DA:53,0
DA:55,0
DA:58,0
DA:59,0
DA:61,0
DA:64,0
DA:67,0
DA:68,0
DA:69,0
DA:71,0
DA:73,0
DA:74,0
LF:29
LH:7
end_of_record
SF:lib/app/presentation/widgets/concerts_grid.dart
DA:11,2
DA:20,1
DA:21,1
DA:25,1
DA:27,1
DA:28,1
DA:35,3
DA:36,1
DA:37,3
DA:39,1
DA:40,4
DA:41,1
DA:42,1
DA:43,1
DA:44,1
DA:48,0
DA:57,0
DA:58,0
DA:60,0
DA:63,0
DA:64,0
DA:66,0
DA:69,0
DA:72,0
DA:73,0
DA:74,0
DA:76,0
DA:78,0
DA:79,0
LF:29
LH:15
end_of_record
SF:lib/app/presentation/widgets/city_card.dart
DA:8,2
DA:19,2
DA:21,2
DA:23,2
DA:24,2
DA:25,2
DA:26,2
DA:28,2
DA:32,2
DA:33,2
DA:34,2
DA:35,2
DA:36,2
DA:37,2
DA:44,2
DA:47,2
DA:48,2
DA:49,2
DA:52,2
DA:53,4
DA:54,2
DA:56,2
DA:57,2
DA:58,2
DA:59,4
DA:65,2
DA:67,2
DA:68,2
DA:69,4
LF:29
LH:29
end_of_record
SF:lib/app/app.dart
DA:13,1
DA:15,1
DA:17,1
DA:18,1
DA:19,1
DA:20,1
DA:22,1
DA:26,0
DA:27,0
DA:28,0
DA:31,0
DA:34,0
LF:12
LH:7
end_of_record
SF:lib/app/core/theme/app_theme.dart
DA:9,0
DA:11,0
DA:13,0
DA:14,0
LF:4
LH:0
end_of_record
SF:lib/app/core/theme/input_theme.dart
DA:11,0
DA:12,0
DA:13,0
DA:16,0
DA:17,0
DA:18,0
LF:6
LH:0
end_of_record
SF:lib/app/core/utilities/helpers/input_helper.dart
DA:5,0
DA:6,0
DA:7,0
DA:11,0
DA:12,0
LF:5
LH:0
end_of_record
